[20:37:14] [Server thread/INFO]: Starting minecraft server version 1.12.2
[20:37:14] [Server thread/INFO]: Loading properties
[20:37:14] [Server console handler/ERROR]: Exception handling console input
java.io.IOException: Неверный дескриптор
	at java.io.FileInputStream.readBytes(Native Method) ~[?:1.8.0_161]
	at java.io.FileInputStream.read(Unknown Source) ~[?:1.8.0_161]
	at java.io.BufferedInputStream.read1(Unknown Source) ~[?:1.8.0_161]
	at java.io.BufferedInputStream.read(Unknown Source) ~[?:1.8.0_161]
	at sun.nio.cs.StreamDecoder.readBytes(Unknown Source) ~[?:1.8.0_161]
	at sun.nio.cs.StreamDecoder.implRead(Unknown Source) ~[?:1.8.0_161]
	at sun.nio.cs.StreamDecoder.read(Unknown Source) ~[?:1.8.0_161]
	at java.io.InputStreamReader.read(Unknown Source) ~[?:1.8.0_161]
	at java.io.BufferedReader.fill(Unknown Source) ~[?:1.8.0_161]
	at java.io.BufferedReader.readLine(Unknown Source) ~[?:1.8.0_161]
	at java.io.BufferedReader.readLine(Unknown Source) ~[?:1.8.0_161]
	at nz$2.run(SourceFile:100) [minecraft_server.1.12.2.jar:?]
[20:37:14] [Server thread/INFO]: Default game type: SURVIVAL
[20:37:14] [Server thread/INFO]: Generating keypair
[20:37:15] [Server thread/INFO]: Starting Minecraft server on 127.0.0.1:25565
[20:37:15] [Server thread/INFO]: Using default channel type
[20:37:26] [Server thread/WARN]: **** SERVER IS RUNNING IN OFFLINE/INSECURE MODE!
[20:37:26] [Server thread/WARN]: The server will make no attempt to authenticate usernames. Beware.
[20:37:26] [Server thread/WARN]: While this makes the game possible to play without internet access, it also opens up the ability for hackers to connect with any username they choose.
[20:37:26] [Server thread/WARN]: To change this, set "online-mode" to "true" in the server.properties file.
[20:37:26] [Server thread/INFO]: Preparing level "world"
[20:37:27] [Server thread/INFO]: Loaded 488 advancements
[20:37:27] [Server thread/INFO]: Preparing start region for level 0
[20:37:28] [Server thread/INFO]: Preparing spawn area: 1%
[20:37:29] [Server thread/INFO]: Preparing spawn area: 45%
[20:37:30] [Server thread/INFO]: Preparing spawn area: 87%
[20:37:31] [Server thread/INFO]: Done (4,347s)! For help, type "help" or "?"
[20:39:36] [Server thread/INFO]: cnstrukt[/127.0.0.1:63807] logged in with entity id 301 at (-145.5, 64.0, 191.5)
[20:39:36] [Server thread/INFO]: cnstrukt joined the game
[20:39:43] [Server thread/WARN]: Can't keep up! Did the system time change, or is the server overloaded? Running 6219ms behind, skipping 124 tick(s)
[20:40:03] [Server thread/INFO]: cnstrukt was slain by Zombie
[20:40:14] [Server thread/WARN]: Can't keep up! Did the system time change, or is the server overloaded? Running 6848ms behind, skipping 136 tick(s)
[20:40:27] [Server thread/WARN]: Can't keep up! Did the system time change, or is the server overloaded? Running 2177ms behind, skipping 43 tick(s)
[20:40:28] [Server thread/INFO]: cnstrukt lost connection: Disconnected
[20:40:28] [Server thread/INFO]: cnstrukt left the game
[20:40:49] [Server thread/INFO]: cnstrukt[/127.0.0.1:63895] logged in with entity id 1111 at (-145.5, 64.0, 191.5)
[20:40:49] [Server thread/INFO]: cnstrukt joined the game
[20:41:21] [Server thread/INFO]: cnstrukt lost connection: Disconnected
[20:41:21] [Server thread/INFO]: cnstrukt left the game
[20:41:41] [Server thread/INFO]: cnstrukt[/127.0.0.1:64003] logged in with entity id 1474 at (-145.5, 64.0, 191.5)
[20:41:41] [Server thread/INFO]: cnstrukt joined the game
[20:42:13] [Server thread/INFO]: cnstrukt lost connection: Timed out
[20:42:13] [Server thread/INFO]: cnstrukt left the game
[20:42:13] [Server thread/WARN]: handleDisconnection() called twice
[20:45:34] [Server thread/INFO]: shamangemer[/127.0.0.1:64420] logged in with entity id 1838 at (-126.5, 64.0, 205.5)
[20:45:34] [Server thread/INFO]: shamangemer joined the game
[20:45:54] [Server thread/INFO]: shamangemer was slain by Zombie
[20:45:55] [Server thread/INFO]: Opped shamangemer
[20:46:05] [Server thread/INFO]: shamangemer lost connection: Disconnected
[20:46:05] [Server thread/INFO]: shamangemer left the game
[20:46:18] [Server thread/INFO]: shamangemer[/127.0.0.1:64477] logged in with entity id 2257 at (-126.5, 64.0, 205.5)
[20:46:18] [Server thread/INFO]: shamangemer joined the game
[20:46:21] [Server thread/INFO]: shamangemer lost connection: Disconnected
[20:46:21] [Server thread/INFO]: shamangemer left the game
[20:46:23] [Server thread/INFO]: Stopping server
[20:46:23] [Server thread/INFO]: Saving players
[20:46:23] [Server thread/INFO]: Saving worlds
[20:46:23] [Server thread/INFO]: Saving chunks for level 'world'/overworld
[20:46:23] [Server Shutdown Thread/INFO]: Stopping server
[20:46:23] [Server Shutdown Thread/INFO]: Saving players
[20:46:23] [Server Shutdown Thread/INFO]: Saving worlds
[20:46:23] [Server Shutdown Thread/INFO]: Saving chunks for level 'world'/overworld
